<?xml version="1.0" encoding="UTF-8"?>
<!-- Generated by org.testng.reporters.JUnitReportReporter -->
<testsuite skipped="2" hostname="surface" name="com.pokeapi.runners.CukesRunner" tests="2" failures="0" timestamp="31 Oct 2018 19:36:44 GMT" time="0.384" errors="0">
  <testcase name="runScenario" time="0.302" classname="com.pokeapi.runners.CukesRunner">
    <skipped/>
  </testcase> <!-- runScenario -->
  <testcase name="runScenario" time="0.082" classname="com.pokeapi.runners.CukesRunner">
    <skipped/>
  </testcase> <!-- runScenario -->
</testsuite> <!-- com.pokeapi.runners.CukesRunner -->
